<?xml version="1.0" encoding="UTF-8"?>
<testsuite name="com.mymicroservices.support.ConfigServerApplicationTests" tests="1" skipped="0" failures="0" errors="0" timestamp="2019-03-23T10:19:19" hostname="Farzads-MacBook-Pro.local" time="0.027">
  <properties/>
  <testcase name="contextLoads" classname="com.mymicroservices.support.ConfigServerApplicationTests" time="0.027"/>
  <system-out><![CDATA[14:48:49.026 [Test worker] DEBUG org.springframework.test.context.junit4.SpringJUnit4ClassRunner - SpringJUnit4ClassRunner constructor called with [class com.mymicroservices.support.ConfigServerApplicationTests]
14:48:49.035 [Test worker] DEBUG org.springframework.test.context.BootstrapUtils - Instantiating CacheAwareContextLoaderDelegate from class [org.springframework.test.context.cache.DefaultCacheAwareContextLoaderDelegate]
14:48:49.116 [Test worker] DEBUG org.springframework.test.context.BootstrapUtils - Instantiating BootstrapContext using constructor [public org.springframework.test.context.support.DefaultBootstrapContext(java.lang.Class,org.springframework.test.context.CacheAwareContextLoaderDelegate)]
14:48:49.144 [Test worker] DEBUG org.springframework.test.context.BootstrapUtils - Instantiating TestContextBootstrapper for test class [com.mymicroservices.support.ConfigServerApplicationTests] from class [org.springframework.test.context.support.DefaultTestContextBootstrapper]
14:48:49.174 [Test worker] DEBUG org.springframework.test.context.support.DefaultTestContextBootstrapper - Found explicit ContextLoader class [org.springframework.boot.test.SpringApplicationContextLoader] for context configuration attributes [ContextConfigurationAttributes@6e408485 declaringClass = 'com.mymicroservices.support.ConfigServerApplicationTests', classes = '{class com.mymicroservices.support.ConfigServerApplication}', locations = '{}', inheritLocations = true, initializers = '{}', inheritInitializers = true, name = [null], contextLoaderClass = 'org.springframework.boot.test.SpringApplicationContextLoader']
14:48:49.266 [Test worker] DEBUG org.springframework.test.context.support.AbstractContextLoader - Did not detect default resource location for test class [com.mymicroservices.support.ConfigServerApplicationTests]: class path resource [com/mymicroservices/support/ConfigServerApplicationTests-context.xml] does not exist
14:48:49.267 [Test worker] DEBUG org.springframework.test.context.support.AbstractContextLoader - Did not detect default resource location for test class [com.mymicroservices.support.ConfigServerApplicationTests]: class path resource [com/mymicroservices/support/ConfigServerApplicationTestsContext.groovy] does not exist
14:48:49.267 [Test worker] INFO org.springframework.test.context.support.AbstractContextLoader - Could not detect default resource locations for test class [com.mymicroservices.support.ConfigServerApplicationTests]: no resource found for suffixes {-context.xml, Context.groovy}.
14:48:49.270 [Test worker] DEBUG org.springframework.test.context.support.ActiveProfilesUtils - Could not find an 'annotation declaring class' for annotation type [org.springframework.test.context.ActiveProfiles] and class [com.mymicroservices.support.ConfigServerApplicationTests]
14:48:49.308 [Test worker] INFO org.springframework.test.context.support.DefaultTestContextBootstrapper - Using TestExecutionListeners: [org.springframework.boot.test.IntegrationTestPropertiesListener@4d1dfb8e, org.springframework.test.context.support.DirtiesContextBeforeModesTestExecutionListener@14af78f7, org.springframework.test.context.support.DependencyInjectionTestExecutionListener@b36ebdf, org.springframework.test.context.support.DirtiesContextTestExecutionListener@60429d00, org.springframework.test.context.transaction.TransactionalTestExecutionListener@42a1cb0d, org.springframework.test.context.jdbc.SqlScriptsTestExecutionListener@2d267b6e]
14:48:49.311 [Test worker] DEBUG org.springframework.test.annotation.ProfileValueUtils - Retrieved @ProfileValueSourceConfiguration [null] for test class [com.mymicroservices.support.ConfigServerApplicationTests]
14:48:49.312 [Test worker] DEBUG org.springframework.test.annotation.ProfileValueUtils - Retrieved ProfileValueSource type [class org.springframework.test.annotation.SystemProfileValueSource] for class [com.mymicroservices.support.ConfigServerApplicationTests]
14:48:49.313 [Test worker] DEBUG org.springframework.test.annotation.ProfileValueUtils - Retrieved @ProfileValueSourceConfiguration [null] for test class [com.mymicroservices.support.ConfigServerApplicationTests]
14:48:49.313 [Test worker] DEBUG org.springframework.test.annotation.ProfileValueUtils - Retrieved ProfileValueSource type [class org.springframework.test.annotation.SystemProfileValueSource] for class [com.mymicroservices.support.ConfigServerApplicationTests]
14:48:49.316 [Test worker] DEBUG org.springframework.test.context.support.AbstractDirtiesContextTestExecutionListener - Before test class: context [DefaultTestContext@65ffc856 testClass = ConfigServerApplicationTests, testInstance = [null], testMethod = [null], testException = [null], mergedContextConfiguration = [MergedContextConfiguration@10db7e2e testClass = ConfigServerApplicationTests, locations = '{}', classes = '{class com.mymicroservices.support.ConfigServerApplication}', contextInitializerClasses = '[]', activeProfiles = '{}', propertySourceLocations = '{}', propertySourceProperties = '{}', contextLoader = 'org.springframework.boot.test.SpringApplicationContextLoader', parent = [null]]], class annotated with @DirtiesContext [false] with mode [null].
14:48:49.317 [Test worker] DEBUG org.springframework.test.annotation.ProfileValueUtils - Retrieved @ProfileValueSourceConfiguration [null] for test class [com.mymicroservices.support.ConfigServerApplicationTests]
14:48:49.317 [Test worker] DEBUG org.springframework.test.annotation.ProfileValueUtils - Retrieved ProfileValueSource type [class org.springframework.test.annotation.SystemProfileValueSource] for class [com.mymicroservices.support.ConfigServerApplicationTests]
14:48:49.321 [Test worker] DEBUG org.springframework.test.util.ReflectionTestUtils - Getting field 'mergedContextConfiguration' from target object [[DefaultTestContext@65ffc856 testClass = ConfigServerApplicationTests, testInstance = com.mymicroservices.support.ConfigServerApplicationTests@4f644322, testMethod = [null], testException = [null], mergedContextConfiguration = [MergedContextConfiguration@10db7e2e testClass = ConfigServerApplicationTests, locations = '{}', classes = '{class com.mymicroservices.support.ConfigServerApplication}', contextInitializerClasses = '[]', activeProfiles = '{}', propertySourceLocations = '{}', propertySourceProperties = '{}', contextLoader = 'org.springframework.boot.test.SpringApplicationContextLoader', parent = [null]]]] or target class [class org.springframework.test.context.support.DefaultTestContext]
14:48:49.322 [Test worker] DEBUG org.springframework.test.util.ReflectionTestUtils - Setting field 'propertySourceProperties' of type [null] on target object [[MergedContextConfiguration@10db7e2e testClass = ConfigServerApplicationTests, locations = '{}', classes = '{class com.mymicroservices.support.ConfigServerApplication}', contextInitializerClasses = '[]', activeProfiles = '{}', propertySourceLocations = '{}', propertySourceProperties = '{}', contextLoader = 'org.springframework.boot.test.SpringApplicationContextLoader', parent = [null]]] or target class [class org.springframework.test.context.MergedContextConfiguration] to value [[Ljava.lang.String;@5d0bd3ef]
14:48:49.323 [Test worker] DEBUG org.springframework.test.context.support.DependencyInjectionTestExecutionListener - Performing dependency injection for test context [[DefaultTestContext@65ffc856 testClass = ConfigServerApplicationTests, testInstance = com.mymicroservices.support.ConfigServerApplicationTests@4f644322, testMethod = [null], testException = [null], mergedContextConfiguration = [MergedContextConfiguration@10db7e2e testClass = ConfigServerApplicationTests, locations = '{}', classes = '{class com.mymicroservices.support.ConfigServerApplication}', contextInitializerClasses = '[]', activeProfiles = '{}', propertySourceLocations = '{}', propertySourceProperties = '{server.port=0, spring.cloud.bus.enabled=false, spring.cloud.discovery.enabled=false, org.springframework.boot.test.IntegrationTest=true}', contextLoader = 'org.springframework.boot.test.SpringApplicationContextLoader', parent = [null]]]].
14:48:49.816 [Test worker] DEBUG org.springframework.core.env.StandardEnvironment - Adding [systemProperties] PropertySource with lowest search precedence
14:48:49.818 [Test worker] DEBUG org.springframework.core.env.StandardEnvironment - Adding [systemEnvironment] PropertySource with lowest search precedence
14:48:49.819 [Test worker] DEBUG org.springframework.core.env.StandardEnvironment - Initialized StandardEnvironment with PropertySources [systemProperties,systemEnvironment]
14:48:49.820 [Test worker] DEBUG org.springframework.core.env.StandardEnvironment - Adding [integrationTest] PropertySource with search precedence immediately lower than [systemEnvironment]
2019-03-23 14:48:52.547  INFO [config-server,,,] 89532 --- [    Test worker] s.c.a.AnnotationConfigApplicationContext : Refreshing org.springframework.context.annotation.AnnotationConfigApplicationContext@5803a0d3: startup date [Sat Mar 23 14:48:52 IRDT 2019]; root of context hierarchy
2019-03-23 14:48:53.760  INFO [config-server,,,] 89532 --- [    Test worker] f.a.AutowiredAnnotationBeanPostProcessor : JSR-330 'javax.inject.Inject' annotation found and supported for autowiring
2019-03-23 14:48:54.038  INFO [config-server,,,] 89532 --- [    Test worker] trationDelegate$BeanPostProcessorChecker : Bean 'configurationPropertiesRebinderAutoConfiguration' of type [class org.springframework.cloud.autoconfigure.ConfigurationPropertiesRebinderAutoConfiguration$$EnhancerBySpringCGLIB$$e3f3845c] is not eligible for getting processed by all BeanPostProcessors (for example: not eligible for auto-proxying)

  .   ____          _            __ _ _
 /\\ / ___'_ __ _ _(_)_ __  __ _ \ \ \ \
( ( )\___ | '_ | '_| | '_ \/ _` | \ \ \ \
 \\/  ___)| |_)| | | | | || (_| |  ) ) ) )
  '  |____| .__|_| |_|_| |_\__, | / / / /
 =========|_|==============|___/=/_/_/_/
 :: Spring Boot ::        (v1.3.6.RELEASE)

2019-03-23 14:48:56.098  INFO [config-server,,,] 89532 --- [    Test worker] c.m.s.ConfigServerApplicationTests       : No active profile set, falling back to default profiles: default
2019-03-23 14:49:01.430  WARN [config-server,,,] 89532 --- [    Test worker] o.s.c.a.ConfigurationClassPostProcessor  : Cannot enhance @Configuration bean definition 'refreshScope' since its singleton instance has been created too early. The typical cause is a non-static @Bean method with a BeanDefinitionRegistryPostProcessor return type: Consider declaring such methods as 'static'.
2019-03-23 14:49:16.872  WARN [config-server,,,] 89532 --- [    Test worker] c.n.c.sources.URLConfigurationSource     : No URLs will be polled as dynamic configuration sources.
2019-03-23 14:49:16.873  INFO [config-server,,,] 89532 --- [    Test worker] c.n.c.sources.URLConfigurationSource     : To enable URLs as dynamic configuration sources, define System property archaius.configurationSource.additionalUrls or make config.properties available on classpath.
2019-03-23 14:49:16.896  WARN [config-server,,,] 89532 --- [    Test worker] c.n.c.sources.URLConfigurationSource     : No URLs will be polled as dynamic configuration sources.
2019-03-23 14:49:16.896  INFO [config-server,,,] 89532 --- [    Test worker] c.n.c.sources.URLConfigurationSource     : To enable URLs as dynamic configuration sources, define System property archaius.configurationSource.additionalUrls or make config.properties available on classpath.
2019-03-23 14:49:19.233  INFO [config-server,,,] 89532 --- [    Test worker] c.m.s.ConfigServerApplicationTests       : Started ConfigServerApplicationTests in 29.408 seconds (JVM running for 34.318)
]]></system-out>
  <system-err><![CDATA[]]></system-err>
</testsuite>
